3616703275.547287373
3971737064.647849889
4010406036.408573033
2530973441.191929113
1133535512.596887213
299841846.397732875
1188997283.551141029
864428740.491980983
185353570.721123442
2368601996.749397281
478967215.966299858
4200189648.611932436
4372980370.444061378
4431814405.492494818
6024835342.037386146
4163055806.676607983
4251726059.235786223
4351887242.987368816
5687060077.533285720
3838144333.646567383
5993231274.942242683
5019035516.470098041
52587948.808900095
2929109721.278518258
2966627384.154702390
7611553367.214825998
8725119233.011834161
8999116352.754580329
10517954909.094145676
11739836939.410444008
11742781830.664807238
16171550647.433613312
18449385196.315187259
20479088551.576228168
19793882230.733068865
23608793148.387869298
29371693349.171556646
30034318200.472014608
27941458211.149057070
24812495416.619559523
30098238175.575307831
31260432176.004184142
31080917233.238608757
2130948325.646258909
27645176414.404779496
33315612531.358516419
29662678552.648773281
31168190950.473894071
32833890873.767699253
36889753591.316378269
48918909942.398584768
56792767855.039281916
63867842723.118205331
52559518523.216869686
67376881595.241301585
69865570543.917567819
77027420951.176733546
88100864447.571326345
98284465559.879691750
105325761684.455211118
105661603487.176586241
109117135092.515747726
113730393680.256016806
118014650243.410934202
133522429703.800721169
143318913053.361210868
145781430263.861585572
148332831939.557816207
148911505807.367391974
148851615518.603339195
149750925268.080348045
151053829638.950369701
157544515937.669575438
159808466434.588502392
160444964752.089761332
200800040913.887365550
212757352669.521488369
250992302224.222948298
260338114246.166642547
287388932306.615797579
289063757978.515232861
298066462963.133230835
307227527342.755677462
311447701695.821077615
315242481831.247203737
340647337467.213295609
365452303645.489889562
369147630291.175136656
394732935003.632792920
401099937638.385407001
410511010548.858355612
417403909139.928660780
455926155815.986877620
463995293265.010272741
468280517847.109540761
478979315342.307854176
483511217650.761693954
487485505449.883217067
506046589190.740218669
521159993558.024925232
