3874029621.838353604
4377731111.987561093
5221910773.579496828
2544194434.892294752
290894266.936265824
242440864.546197688
173160411.889232776
4528971117.685038852
4149194069.446579438
3540001686.750566927
602594818.211988195
3304190697.968835727
2477124256.029948246
4135258847.222790775
4843882332.670432841
4844935696.120810884
1080258081.589896420
2509117839.773432347
5273407345.666910443
3873202506.466109137
7307213793.721135570
7594335331.464483372
6153913186.563637192
3856566749.206146112
10200867.585134241
10671921179.471630697
14629191857.117786229
19700993868.532065833
875865441.511999070
20503604302.857337398
26593312204.297660304
29664324301.093097523
27791464302.469662435
28165440996.775872476
27261512578.310520830
22510063375.357622592
20408821965.551672034
28415877673.297983611
28402088067.035281489
33304486606.108569397
30732729436.344338477
33319375644.136321804
32475766008.823416667
31394754086.368328108
35779079759.477336686
35779683416.505723964
31326294060.632848172
34213400392.823161457
37622719569.210284088
36787233379.358029794
33834984540.132834738
55168591891.803595331
62409178361.270797681
70051095790.110839330
76131720373.295911528
85541722968.284523308
102563037225.773971848
110246645873.065009207
115044843862.800508380
113725463858.506484516
116975976104.307691365
118591617249.374295451
121464082311.524666995
125850291491.951616146
126946554140.855072245
128072988149.231965460
130846906994.750258781
135417243019.940550283
139727805759.445784271
140353509087.067225337
149327927473.025195569
152383076867.406531259
153786386809.662250906
154978523923.433503076
157481964003.644807085
204725377892.829199702
204829990414.919616953
207634777202.108835191
207840786851.341461733
218000114567.392386436
227246769835.587703824
250038451680.527641401
258940848109.282676890
278030973250.703552663
304700838399.341528803
332570568379.634391189
355928215885.144421071
390315969967.277613640
398451929503.591501266
412020089266.955868274
447111483571.154540360
467328614245.771035701
481942264838.810257763
489863802137.667809546
490725529893.875866711
501036717147.120335042
509011357383.504119277
516285166057.052956939
533299618325.346321166
534218552108.732202351
